ALSA lib pcm_dmix.c:1018:(snd_pcm_dmix_open) unable to open slave
ALSA lib pcm.c:2217:(snd_pcm_open_noupdate) Unknown PCM cards.pcm.rear
ALSA lib pcm.c:2217:(snd_pcm_open_noupdate) Unknown PCM cards.pcm.center_lfe
ALSA lib pcm.c:2217:(snd_pcm_open_noupdate) Unknown PCM cards.pcm.side
ALSA lib audio/pcm_bluetooth.c:1614:(audioservice_expect) BT_GET_CAPABILITIES failed : Input/output error(5)
ALSA lib audio/pcm_bluetooth.c:1614:(audioservice_expect) BT_GET_CAPABILITIES failed : Input/output error(5)
ALSA lib audio/pcm_bluetooth.c:1614:(audioservice_expect) BT_GET_CAPABILITIES failed : Input/output error(5)
ALSA lib audio/pcm_bluetooth.c:1614:(audioservice_expect) BT_GET_CAPABILITIES failed : Input/output error(5)
ALSA lib pcm_dmix.c:957:(snd_pcm_dmix_open) The dmix plugin supports only playback stream
ALSA lib pcm_dmix.c:1018:(snd_pcm_dmix_open) unable to open slave
Cannot connect to server socket err = No such file or directory
Cannot connect to server socket
jack server is not running or cannot be started
Expression 'ret' failed in 'src/hostapi/alsa/pa_linux_alsa.c', line: 1670
Expression 'AlsaOpen( &alsaApi->baseHostApiRep, params, streamDir, &self->pcm )' failed in 'src/hostapi/alsa/pa_linux_alsa.c', line: 1830
Expression 'PaAlsaStreamComponent_Initialize( &self->capture, alsaApi, inParams, StreamDirection_In, NULL != callback )' failed in 'src/hostapi/alsa/pa_linux_alsa.c', line: 2092
Expression 'PaAlsaStream_Initialize( stream, alsaHostApi, inputParameters, outputParameters, sampleRate, framesPerBuffer, callback, streamFlags, userData )' failed in 'src/hostapi/alsa/pa_linux_alsa.c', line: 2764
ALSA lib pcm_dsnoop.c:612:(snd_pcm_dsnoop_open) unable to open slave
ALSA lib pcm_dsnoop.c:612:(snd_pcm_dsnoop_open) unable to open slave
ALSA lib pcm_dsnoop.c:612:(snd_pcm_dsnoop_open) unable to open slave
ALSA lib pcm_dsnoop.c:612:(snd_pcm_dsnoop_open) unable to open slave
ALSA lib pcm_dsnoop.c:612:(snd_pcm_dsnoop_open) unable to open slave
ALSA lib pcm_dsnoop.c:612:(snd_pcm_dsnoop_open) unable to open slave
ALSA lib pcm_dsnoop.c:612:(snd_pcm_dsnoop_open) unable to open slave
ALSA lib pcm_dsnoop.c:612:(snd_pcm_dsnoop_open) unable to open slave
ALSA lib pcm_dsnoop.c:612:(snd_pcm_dsnoop_open) unable to open slave
ALSA lib pcm_dsnoop.c:612:(snd_pcm_dsnoop_open) unable to open slave
ALSA lib pcm_dsnoop.c:612:(snd_pcm_dsnoop_open) unable to open slave
ALSA lib pcm_dsnoop.c:612:(snd_pcm_dsnoop_open) unable to open slave
ALSA lib pcm_dsnoop.c:612:(snd_pcm_dsnoop_open) unable to open slave
ALSA lib pcm_dsnoop.c:612:(snd_pcm_dsnoop_open) unable to open slave
ALSA lib pcm_dsnoop.c:612:(snd_pcm_dsnoop_open) unable to open slave
ALSA lib pcm_dsnoop.c:612:(snd_pcm_dsnoop_open) unable to open slave
ALSA lib pcm_dsnoop.c:612:(snd_pcm_dsnoop_open) unable to open slave
ALSA lib pcm_dsnoop.c:612:(snd_pcm_dsnoop_open) unable to open slave
ALSA lib pcm_dsnoop.c:612:(snd_pcm_dsnoop_open) unable to open slave
ALSA lib pcm_dsnoop.c:612:(snd_pcm_dsnoop_open) unable to open slave
ALSA lib pcm_dsnoop.c:612:(snd_pcm_dsnoop_open) unable to open slave
ALSA lib pcm_dsnoop.c:612:(snd_pcm_dsnoop_open) unable to open slave
ALSA lib pcm_dsnoop.c:612:(snd_pcm_dsnoop_open) unable to open slave
ALSA lib pcm_dsnoop.c:612:(snd_pcm_dsnoop_open) unable to open slave
ALSA lib pcm_dsnoop.c:612:(snd_pcm_dsnoop_open) unable to open slave
ALSA lib pcm_dsnoop.c:612:(snd_pcm_dsnoop_open) unable to open slave
ALSA lib pcm_dsnoop.c:612:(snd_pcm_dsnoop_open) unable to open slave
ALSA lib pcm_dsnoop.c:612:(snd_pcm_dsnoop_open) unable to open slave
ALSA lib pcm_dsnoop.c:612:(snd_pcm_dsnoop_open) unable to open slave
ALSA lib pcm_dsnoop.c:612:(snd_pcm_dsnoop_open) unable to open slave
ALSA lib pcm_dsnoop.c:612:(snd_pcm_dsnoop_open) unable to open slave
ALSA lib pcm_dsnoop.c:612:(snd_pcm_dsnoop_open) unable to open slave
ALSA lib pcm_dsnoop.c:612:(snd_pcm_dsnoop_open) unable to open slave
ALSA lib pcm_dsnoop.c:612:(snd_pcm_dsnoop_open) unable to open slave
ALSA lib pcm_dsnoop.c:612:(snd_pcm_dsnoop_open) unable to open slave
ALSA lib pcm_dsnoop.c:612:(snd_pcm_dsnoop_open) unable to open slave
ALSA lib pcm_dsnoop.c:612:(snd_pcm_dsnoop_open) unable to open slave
ALSA lib pcm_dsnoop.c:612:(snd_pcm_dsnoop_open) unable to open slave
ALSA lib pcm_dsnoop.c:612:(snd_pcm_dsnoop_open) unable to open slave
ALSA lib pcm_dsnoop.c:612:(snd_pcm_dsnoop_open) unable to open slave
ALSA lib pcm_dsnoop.c:612:(snd_pcm_dsnoop_open) unable to open slave
ALSA lib pcm_dsnoop.c:612:(snd_pcm_dsnoop_open) unable to open slave
ALSA lib pcm_dsnoop.c:612:(snd_pcm_dsnoop_open) unable to open slave
ALSA lib pcm_dsnoop.c:612:(snd_pcm_dsnoop_open) unable to open slave
ALSA lib pcm_dsnoop.c:612:(snd_pcm_dsnoop_open) unable to open slave
ALSA lib pcm_dsnoop.c:612:(snd_pcm_dsnoop_open) unable to open slave
ALSA lib pcm_dsnoop.c:612:(snd_pcm_dsnoop_open) unable to open slave
ALSA lib pcm_dsnoop.c:612:(snd_pcm_dsnoop_open) unable to open slave
ALSA lib pcm_dsnoop.c:612:(snd_pcm_dsnoop_open) unable to open slave
ALSA lib pcm_dsnoop.c:612:(snd_pcm_dsnoop_open) unable to open slave
ALSA lib pcm_dsnoop.c:612:(snd_pcm_dsnoop_open) unable to open slave
ALSA lib pcm_dsnoop.c:612:(snd_pcm_dsnoop_open) unable to open slave
ALSA lib pcm_dsnoop.c:612:(snd_pcm_dsnoop_open) unable to open slave
ALSA lib pcm_dsnoop.c:612:(snd_pcm_dsnoop_open) unable to open slave
ALSA lib pcm_dsnoop.c:612:(snd_pcm_dsnoop_open) unable to open slave
ALSA lib pcm_dsnoop.c:612:(snd_pcm_dsnoop_open) unable to open slave
ALSA lib pcm_dsnoop.c:612:(snd_pcm_dsnoop_open) unable to open slave
ALSA lib pcm_dsnoop.c:612:(snd_pcm_dsnoop_open) unable to open slave
ALSA lib pcm_dsnoop.c:612:(snd_pcm_dsnoop_open) unable to open slave
ALSA lib pcm_dsnoop.c:612:(snd_pcm_dsnoop_open) unable to open slave
ALSA lib pcm_dsnoop.c:612:(snd_pcm_dsnoop_open) unable to open slave
ALSA lib pcm_dsnoop.c:612:(snd_pcm_dsnoop_open) unable to open slave
ALSA lib pcm_dsnoop.c:612:(snd_pcm_dsnoop_open) unable to open slave
ALSA lib pcm_dsnoop.c:612:(snd_pcm_dsnoop_open) unable to open slave
ALSA lib pcm_dsnoop.c:612:(snd_pcm_dsnoop_open) unable to open slave
ALSA lib pcm_dsnoop.c:612:(snd_pcm_dsnoop_open) unable to open slave
ALSA lib pcm_dsnoop.c:612:(snd_pcm_dsnoop_open) unable to open slave
ALSA lib pcm_dsnoop.c:612:(snd_pcm_dsnoop_open) unable to open slave
ALSA lib pcm_dsnoop.c:612:(snd_pcm_dsnoop_open) unable to open slave
ALSA lib pcm_dsnoop.c:612:(snd_pcm_dsnoop_open) unable to open slave
ALSA lib pcm_dsnoop.c:612:(snd_pcm_dsnoop_open) unable to open slave
ALSA lib pcm_dsnoop.c:612:(snd_pcm_dsnoop_open) unable to open slave
ALSA lib pcm_dsnoop.c:612:(snd_pcm_dsnoop_open) unable to open slave
ALSA lib pcm_dsnoop.c:612:(snd_pcm_dsnoop_open) unable to open slave
ALSA lib pcm_dsnoop.c:612:(snd_pcm_dsnoop_open) unable to open slave
ALSA lib pcm_dsnoop.c:612:(snd_pcm_dsnoop_open) unable to open slave
ALSA lib pcm_dsnoop.c:612:(snd_pcm_dsnoop_open) unable to open slave
ALSA lib pcm_dsnoop.c:612:(snd_pcm_dsnoop_open) unable to open slave
ALSA lib pcm_dsnoop.c:612:(snd_pcm_dsnoop_open) unable to open slave
ALSA lib pcm_dsnoop.c:612:(snd_pcm_dsnoop_open) unable to open slave
ALSA lib pcm_dsnoop.c:612:(snd_pcm_dsnoop_open) unable to open slave
ALSA lib pcm_dsnoop.c:612:(snd_pcm_dsnoop_open) unable to open slave
ALSA lib pcm_dsnoop.c:612:(snd_pcm_dsnoop_open) unable to open slave
ALSA lib pcm_dsnoop.c:612:(snd_pcm_dsnoop_open) unable to open slave
ALSA lib pcm_dsnoop.c:612:(snd_pcm_dsnoop_open) unable to open slave
ALSA lib pcm_dsnoop.c:612:(snd_pcm_dsnoop_open) unable to open slave
ALSA lib pcm_dsnoop.c:612:(snd_pcm_dsnoop_open) unable to open slave
ALSA lib pcm_dsnoop.c:612:(snd_pcm_dsnoop_open) unable to open slave
ALSA lib pcm_dsnoop.c:612:(snd_pcm_dsnoop_open) unable to open slave
ALSA lib pcm_dsnoop.c:612:(snd_pcm_dsnoop_open) unable to open slave
ALSA lib pcm_dsnoop.c:612:(snd_pcm_dsnoop_open) unable to open slave
ALSA lib pcm_dsnoop.c:612:(snd_pcm_dsnoop_open) unable to open slave
ALSA lib pcm_dsnoop.c:612:(snd_pcm_dsnoop_open) unable to open slave
ALSA lib pcm_dsnoop.c:612:(snd_pcm_dsnoop_open) unable to open slave
ALSA lib pcm_dsnoop.c:612:(snd_pcm_dsnoop_open) unable to open slave
ALSA lib pcm_dsnoop.c:612:(snd_pcm_dsnoop_open) unable to open slave
ALSA lib pcm_dsnoop.c:612:(snd_pcm_dsnoop_open) unable to open slave
ALSA lib pcm_dsnoop.c:612:(snd_pcm_dsnoop_open) unable to open slave
ALSA lib pcm_dsnoop.c:612:(snd_pcm_dsnoop_open) unable to open slave
ALSA lib pcm_dsnoop.c:612:(snd_pcm_dsnoop_open) unable to open slave
ALSA lib pcm_dsnoop.c:612:(snd_pcm_dsnoop_open) unable to open slave
Expression 'ret' failed in 'src/hostapi/alsa/pa_linux_alsa.c', line: 1670
Expression 'AlsaOpen( &alsaApi->baseHostApiRep, params, streamDir, &self->pcm )' failed in 'src/hostapi/alsa/pa_linux_alsa.c', line: 1830
Expression 'PaAlsaStreamComponent_Initialize( &self->capture, alsaApi, inParams, StreamDirection_In, NULL != callback )' failed in 'src/hostapi/alsa/pa_linux_alsa.c', line: 2092
Expression 'PaAlsaStream_Initialize( stream, alsaHostApi, inputParameters, outputParameters, sampleRate, framesPerBuffer, callback, streamFlags, userData )' failed in 'src/hostapi/alsa/pa_linux_alsa.c', line: 2764
Expression 'stream->playback.pcm' failed in 'src/hostapi/alsa/pa_linux_alsa.c', line: 4541
Expression 'stream->playback.pcm' failed in 'src/hostapi/alsa/pa_linux_alsa.c', line: 4541
warpfactor 1.000000, stoptime 16.680000, warpstoptime 16.680000
warpfactor 1.000000, stoptime 16.680000, warpstoptime 16.680000
warpfactor 1.000000, stoptime 0.298951, warpstoptime 0.298951
warpfactor 1.000000, stoptime 5.547392, warpstoptime 5.547392
warpfactor 1.000000, stoptime 4.750000, warpstoptime 4.750000
warpfactor 1.000000, stoptime 61.413878, warpstoptime 61.413878
